::1 - - [19/Mar/2020:19:17:17 +0000] "GET / HTTP/1.1" 304 - "-" "Mozilla/5.0 (X11; Linux x86_64) AppleWebKit/537.36 (KHTML, like Gecko) Chrome/80.0.3987.132 Safari/537.36"
::1 - - [19/Mar/2020:19:17:17 +0000] "GET /css/mystyle.css HTTP/1.1" 304 - "http://localhost:5000/" "Mozilla/5.0 (X11; Linux x86_64) AppleWebKit/537.36 (KHTML, like Gecko) Chrome/80.0.3987.132 Safari/537.36"
::1 - - [19/Mar/2020:19:17:17 +0000] "GET /images/slide3.jpg HTTP/1.1" 304 - "http://localhost:5000/" "Mozilla/5.0 (X11; Linux x86_64) AppleWebKit/537.36 (KHTML, like Gecko) Chrome/80.0.3987.132 Safari/537.36"
::1 - - [19/Mar/2020:19:17:17 +0000] "GET /favicon.ico HTTP/1.1" 304 - "http://localhost:5000/" "Mozilla/5.0 (X11; Linux x86_64) AppleWebKit/537.36 (KHTML, like Gecko) Chrome/80.0.3987.132 Safari/537.36"
::1 - - [19/Mar/2020:19:17:21 +0000] "POST /user/addtocart HTTP/1.1" 302 46 "http://localhost:5000/" "Mozilla/5.0 (X11; Linux x86_64) AppleWebKit/537.36 (KHTML, like Gecko) Chrome/80.0.3987.132 Safari/537.36"
::1 - - [19/Mar/2020:19:17:23 +0000] "GET /css/mystyle.css HTTP/1.1" 304 - "http://localhost:5000/" "Mozilla/5.0 (X11; Linux x86_64) AppleWebKit/537.36 (KHTML, like Gecko) Chrome/80.0.3987.132 Safari/537.36"
::1 - - [19/Mar/2020:19:17:23 +0000] "GET / HTTP/1.1" 200 - "http://localhost:5000/" "Mozilla/5.0 (X11; Linux x86_64) AppleWebKit/537.36 (KHTML, like Gecko) Chrome/80.0.3987.132 Safari/537.36"
::1 - - [19/Mar/2020:19:17:23 +0000] "GET /images/slide3.jpg HTTP/1.1" 304 - "http://localhost:5000/" "Mozilla/5.0 (X11; Linux x86_64) AppleWebKit/537.36 (KHTML, like Gecko) Chrome/80.0.3987.132 Safari/537.36"
::1 - - [19/Mar/2020:19:17:23 +0000] "GET /favicon.ico HTTP/1.1" 304 - "http://localhost:5000/" "Mozilla/5.0 (X11; Linux x86_64) AppleWebKit/537.36 (KHTML, like Gecko) Chrome/80.0.3987.132 Safari/537.36"
::1 - - [19/Mar/2020:19:17:25 +0000] "POST /user/addtocart HTTP/1.1" 302 46 "http://localhost:5000/" "Mozilla/5.0 (X11; Linux x86_64) AppleWebKit/537.36 (KHTML, like Gecko) Chrome/80.0.3987.132 Safari/537.36"
::1 - - [19/Mar/2020:19:17:26 +0000] "GET /css/mystyle.css HTTP/1.1" 304 - "http://localhost:5000/" "Mozilla/5.0 (X11; Linux x86_64) AppleWebKit/537.36 (KHTML, like Gecko) Chrome/80.0.3987.132 Safari/537.36"
::1 - - [19/Mar/2020:19:17:26 +0000] "GET /images/slide3.jpg HTTP/1.1" 304 - "http://localhost:5000/" "Mozilla/5.0 (X11; Linux x86_64) AppleWebKit/537.36 (KHTML, like Gecko) Chrome/80.0.3987.132 Safari/537.36"
::1 - - [19/Mar/2020:19:17:26 +0000] "GET / HTTP/1.1" 200 - "http://localhost:5000/" "Mozilla/5.0 (X11; Linux x86_64) AppleWebKit/537.36 (KHTML, like Gecko) Chrome/80.0.3987.132 Safari/537.36"
::1 - - [19/Mar/2020:19:17:26 +0000] "GET /favicon.ico HTTP/1.1" 304 - "http://localhost:5000/" "Mozilla/5.0 (X11; Linux x86_64) AppleWebKit/537.36 (KHTML, like Gecko) Chrome/80.0.3987.132 Safari/537.36"
::1 - - [19/Mar/2020:19:17:29 +0000] "GET /user/cart HTTP/1.1" 200 - "http://localhost:5000/" "Mozilla/5.0 (X11; Linux x86_64) AppleWebKit/537.36 (KHTML, like Gecko) Chrome/80.0.3987.132 Safari/537.36"
::1 - - [19/Mar/2020:19:17:29 +0000] "GET /css/mystyle.css HTTP/1.1" 304 - "http://localhost:5000/user/cart" "Mozilla/5.0 (X11; Linux x86_64) AppleWebKit/537.36 (KHTML, like Gecko) Chrome/80.0.3987.132 Safari/537.36"
::1 - - [19/Mar/2020:19:17:29 +0000] "GET /images/slide3.jpg HTTP/1.1" 304 - "http://localhost:5000/user/cart" "Mozilla/5.0 (X11; Linux x86_64) AppleWebKit/537.36 (KHTML, like Gecko) Chrome/80.0.3987.132 Safari/537.36"
::1 - - [19/Mar/2020:19:17:29 +0000] "GET /favicon.ico HTTP/1.1" 304 - "http://localhost:5000/user/cart" "Mozilla/5.0 (X11; Linux x86_64) AppleWebKit/537.36 (KHTML, like Gecko) Chrome/80.0.3987.132 Safari/537.36"
::1 - - [19/Mar/2020:19:17:32 +0000] "GET /user/payment HTTP/1.1" 500 - "http://localhost:5000/user/cart" "Mozilla/5.0 (X11; Linux x86_64) AppleWebKit/537.36 (KHTML, like Gecko) Chrome/80.0.3987.132 Safari/537.36"
::1 - - [19/Mar/2020:19:18:01 +0000] "GET /user/payment HTTP/1.1" 500 - "-" "Mozilla/5.0 (X11; Linux x86_64) AppleWebKit/537.36 (KHTML, like Gecko) Chrome/80.0.3987.132 Safari/537.36"
::1 - - [19/Mar/2020:19:18:21 +0000] "GET /user/payment HTTP/1.1" 200 - "-" "Mozilla/5.0 (X11; Linux x86_64) AppleWebKit/537.36 (KHTML, like Gecko) Chrome/80.0.3987.132 Safari/537.36"
::1 - - [19/Mar/2020:19:18:21 +0000] "GET /css/mystyle.css HTTP/1.1" 304 - "http://localhost:5000/user/payment" "Mozilla/5.0 (X11; Linux x86_64) AppleWebKit/537.36 (KHTML, like Gecko) Chrome/80.0.3987.132 Safari/537.36"
::1 - - [19/Mar/2020:19:18:21 +0000] "GET /favicon.ico HTTP/1.1" 304 - "http://localhost:5000/user/payment" "Mozilla/5.0 (X11; Linux x86_64) AppleWebKit/537.36 (KHTML, like Gecko) Chrome/80.0.3987.132 Safari/537.36"
::1 - - [19/Mar/2020:19:26:40 +0000] "GET /user/payment HTTP/1.1" 200 - "-" "Mozilla/5.0 (X11; Linux x86_64) AppleWebKit/537.36 (KHTML, like Gecko) Chrome/80.0.3987.132 Safari/537.36"
::1 - - [19/Mar/2020:19:26:40 +0000] "GET /css/mystyle.css HTTP/1.1" 304 - "http://localhost:5000/user/payment" "Mozilla/5.0 (X11; Linux x86_64) AppleWebKit/537.36 (KHTML, like Gecko) Chrome/80.0.3987.132 Safari/537.36"
::1 - - [19/Mar/2020:19:26:41 +0000] "GET /favicon.ico HTTP/1.1" 304 - "http://localhost:5000/user/payment" "Mozilla/5.0 (X11; Linux x86_64) AppleWebKit/537.36 (KHTML, like Gecko) Chrome/80.0.3987.132 Safari/537.36"
::1 - - [19/Mar/2020:19:33:27 +0000] "GET /user/payment HTTP/1.1" 200 - "-" "Mozilla/5.0 (X11; Linux x86_64) AppleWebKit/537.36 (KHTML, like Gecko) Chrome/80.0.3987.132 Safari/537.36"
::1 - - [19/Mar/2020:19:33:27 +0000] "GET /css/mystyle.css HTTP/1.1" 304 - "http://localhost:5000/user/payment" "Mozilla/5.0 (X11; Linux x86_64) AppleWebKit/537.36 (KHTML, like Gecko) Chrome/80.0.3987.132 Safari/537.36"
::1 - - [19/Mar/2020:19:33:27 +0000] "GET /favicon.ico HTTP/1.1" 304 - "http://localhost:5000/user/payment" "Mozilla/5.0 (X11; Linux x86_64) AppleWebKit/537.36 (KHTML, like Gecko) Chrome/80.0.3987.132 Safari/537.36"
::1 - - [19/Mar/2020:19:33:46 +0000] "GET /user/payment HTTP/1.1" 200 - "-" "Mozilla/5.0 (X11; Linux x86_64) AppleWebKit/537.36 (KHTML, like Gecko) Chrome/80.0.3987.132 Safari/537.36"
::1 - - [19/Mar/2020:19:33:46 +0000] "GET /css/mystyle.css HTTP/1.1" 304 - "http://localhost:5000/user/payment" "Mozilla/5.0 (X11; Linux x86_64) AppleWebKit/537.36 (KHTML, like Gecko) Chrome/80.0.3987.132 Safari/537.36"
::1 - - [19/Mar/2020:19:33:46 +0000] "GET /favicon.ico HTTP/1.1" 304 - "http://localhost:5000/user/payment" "Mozilla/5.0 (X11; Linux x86_64) AppleWebKit/537.36 (KHTML, like Gecko) Chrome/80.0.3987.132 Safari/537.36"
::1 - - [19/Mar/2020:19:34:30 +0000] "GET /user/payment HTTP/1.1" 200 - "-" "Mozilla/5.0 (X11; Linux x86_64) AppleWebKit/537.36 (KHTML, like Gecko) Chrome/80.0.3987.132 Safari/537.36"
::1 - - [19/Mar/2020:19:34:30 +0000] "GET /css/mystyle.css HTTP/1.1" 304 - "http://localhost:5000/user/payment" "Mozilla/5.0 (X11; Linux x86_64) AppleWebKit/537.36 (KHTML, like Gecko) Chrome/80.0.3987.132 Safari/537.36"
::1 - - [19/Mar/2020:19:34:30 +0000] "GET /favicon.ico HTTP/1.1" 304 - "http://localhost:5000/user/payment" "Mozilla/5.0 (X11; Linux x86_64) AppleWebKit/537.36 (KHTML, like Gecko) Chrome/80.0.3987.132 Safari/537.36"
::1 - - [19/Mar/2020:19:34:43 +0000] "GET /user/payment HTTP/1.1" 304 - "-" "Mozilla/5.0 (X11; Linux x86_64) AppleWebKit/537.36 (KHTML, like Gecko) Chrome/80.0.3987.132 Safari/537.36"
::1 - - [19/Mar/2020:19:34:43 +0000] "GET /css/mystyle.css HTTP/1.1" 304 - "http://localhost:5000/user/payment" "Mozilla/5.0 (X11; Linux x86_64) AppleWebKit/537.36 (KHTML, like Gecko) Chrome/80.0.3987.132 Safari/537.36"
::1 - - [19/Mar/2020:19:34:44 +0000] "GET /favicon.ico HTTP/1.1" 304 - "http://localhost:5000/user/payment" "Mozilla/5.0 (X11; Linux x86_64) AppleWebKit/537.36 (KHTML, like Gecko) Chrome/80.0.3987.132 Safari/537.36"
::1 - - [19/Mar/2020:19:35:55 +0000] "GET /user/payment HTTP/1.1" 200 - "-" "Mozilla/5.0 (X11; Linux x86_64) AppleWebKit/537.36 (KHTML, like Gecko) Chrome/80.0.3987.132 Safari/537.36"
::1 - - [19/Mar/2020:19:35:55 +0000] "GET /css/mystyle.css HTTP/1.1" 304 - "http://localhost:5000/user/payment" "Mozilla/5.0 (X11; Linux x86_64) AppleWebKit/537.36 (KHTML, like Gecko) Chrome/80.0.3987.132 Safari/537.36"
::1 - - [19/Mar/2020:19:35:56 +0000] "GET /favicon.ico HTTP/1.1" 304 - "http://localhost:5000/user/payment" "Mozilla/5.0 (X11; Linux x86_64) AppleWebKit/537.36 (KHTML, like Gecko) Chrome/80.0.3987.132 Safari/537.36"
::1 - - [19/Mar/2020:19:36:07 +0000] "GET /user/payment HTTP/1.1" 200 - "-" "Mozilla/5.0 (X11; Linux x86_64) AppleWebKit/537.36 (KHTML, like Gecko) Chrome/80.0.3987.132 Safari/537.36"
::1 - - [19/Mar/2020:19:36:07 +0000] "GET /css/mystyle.css HTTP/1.1" 304 - "http://localhost:5000/user/payment" "Mozilla/5.0 (X11; Linux x86_64) AppleWebKit/537.36 (KHTML, like Gecko) Chrome/80.0.3987.132 Safari/537.36"
::1 - - [19/Mar/2020:19:36:07 +0000] "GET /favicon.ico HTTP/1.1" 304 - "http://localhost:5000/user/payment" "Mozilla/5.0 (X11; Linux x86_64) AppleWebKit/537.36 (KHTML, like Gecko) Chrome/80.0.3987.132 Safari/537.36"
::1 - - [19/Mar/2020:19:36:34 +0000] "GET /user/payment HTTP/1.1" - - "-" "Mozilla/5.0 (X11; Linux x86_64) AppleWebKit/537.36 (KHTML, like Gecko) Chrome/80.0.3987.132 Safari/537.36"
::1 - - [19/Mar/2020:19:36:37 +0000] "GET /user/payment HTTP/1.1" 200 - "-" "Mozilla/5.0 (X11; Linux x86_64) AppleWebKit/537.36 (KHTML, like Gecko) Chrome/80.0.3987.132 Safari/537.36"
::1 - - [19/Mar/2020:19:36:37 +0000] "GET /css/mystyle.css HTTP/1.1" 304 - "http://localhost:5000/user/payment" "Mozilla/5.0 (X11; Linux x86_64) AppleWebKit/537.36 (KHTML, like Gecko) Chrome/80.0.3987.132 Safari/537.36"
::1 - - [19/Mar/2020:19:36:37 +0000] "GET /favicon.ico HTTP/1.1" 304 - "http://localhost:5000/user/payment" "Mozilla/5.0 (X11; Linux x86_64) AppleWebKit/537.36 (KHTML, like Gecko) Chrome/80.0.3987.132 Safari/537.36"
::1 - - [19/Mar/2020:19:37:00 +0000] "GET /user/payment HTTP/1.1" 200 - "-" "Mozilla/5.0 (X11; Linux x86_64) AppleWebKit/537.36 (KHTML, like Gecko) Chrome/80.0.3987.132 Safari/537.36"
::1 - - [19/Mar/2020:19:37:00 +0000] "GET /css/mystyle.css HTTP/1.1" 304 - "http://localhost:5000/user/payment" "Mozilla/5.0 (X11; Linux x86_64) AppleWebKit/537.36 (KHTML, like Gecko) Chrome/80.0.3987.132 Safari/537.36"
::1 - - [19/Mar/2020:19:37:01 +0000] "GET /favicon.ico HTTP/1.1" 304 - "http://localhost:5000/user/payment" "Mozilla/5.0 (X11; Linux x86_64) AppleWebKit/537.36 (KHTML, like Gecko) Chrome/80.0.3987.132 Safari/537.36"
::1 - - [19/Mar/2020:19:42:43 +0000] "GET /user/payment HTTP/1.1" 200 - "-" "Mozilla/5.0 (X11; Linux x86_64) AppleWebKit/537.36 (KHTML, like Gecko) Chrome/80.0.3987.132 Safari/537.36"
::1 - - [19/Mar/2020:19:42:43 +0000] "GET /css/mystyle.css HTTP/1.1" 304 - "http://localhost:5000/user/payment" "Mozilla/5.0 (X11; Linux x86_64) AppleWebKit/537.36 (KHTML, like Gecko) Chrome/80.0.3987.132 Safari/537.36"
::1 - - [19/Mar/2020:19:42:43 +0000] "GET /favicon.ico HTTP/1.1" 304 - "http://localhost:5000/user/payment" "Mozilla/5.0 (X11; Linux x86_64) AppleWebKit/537.36 (KHTML, like Gecko) Chrome/80.0.3987.132 Safari/537.36"
::1 - - [19/Mar/2020:19:42:53 +0000] "GET /user/payment HTTP/1.1" 200 - "-" "Mozilla/5.0 (X11; Linux x86_64) AppleWebKit/537.36 (KHTML, like Gecko) Chrome/80.0.3987.132 Safari/537.36"
::1 - - [19/Mar/2020:19:42:53 +0000] "GET /css/mystyle.css HTTP/1.1" 304 - "http://localhost:5000/user/payment" "Mozilla/5.0 (X11; Linux x86_64) AppleWebKit/537.36 (KHTML, like Gecko) Chrome/80.0.3987.132 Safari/537.36"
::1 - - [19/Mar/2020:19:42:54 +0000] "GET /favicon.ico HTTP/1.1" 304 - "http://localhost:5000/user/payment" "Mozilla/5.0 (X11; Linux x86_64) AppleWebKit/537.36 (KHTML, like Gecko) Chrome/80.0.3987.132 Safari/537.36"
::1 - - [19/Mar/2020:19:44:03 +0000] "GET /user/payment HTTP/1.1" 200 - "-" "Mozilla/5.0 (X11; Linux x86_64) AppleWebKit/537.36 (KHTML, like Gecko) Chrome/80.0.3987.132 Safari/537.36"
::1 - - [19/Mar/2020:19:44:03 +0000] "GET /css/mystyle.css HTTP/1.1" 304 - "http://localhost:5000/user/payment" "Mozilla/5.0 (X11; Linux x86_64) AppleWebKit/537.36 (KHTML, like Gecko) Chrome/80.0.3987.132 Safari/537.36"
::1 - - [19/Mar/2020:19:44:03 +0000] "GET /favicon.ico HTTP/1.1" 304 - "http://localhost:5000/user/payment" "Mozilla/5.0 (X11; Linux x86_64) AppleWebKit/537.36 (KHTML, like Gecko) Chrome/80.0.3987.132 Safari/537.36"
::1 - - [19/Mar/2020:19:45:03 +0000] "GET /user/payment HTTP/1.1" 200 - "-" "Mozilla/5.0 (X11; Linux x86_64) AppleWebKit/537.36 (KHTML, like Gecko) Chrome/80.0.3987.132 Safari/537.36"
::1 - - [19/Mar/2020:19:45:03 +0000] "GET /css/mystyle.css HTTP/1.1" 304 - "http://localhost:5000/user/payment" "Mozilla/5.0 (X11; Linux x86_64) AppleWebKit/537.36 (KHTML, like Gecko) Chrome/80.0.3987.132 Safari/537.36"
::1 - - [19/Mar/2020:19:45:03 +0000] "GET /favicon.ico HTTP/1.1" 304 - "http://localhost:5000/user/payment" "Mozilla/5.0 (X11; Linux x86_64) AppleWebKit/537.36 (KHTML, like Gecko) Chrome/80.0.3987.132 Safari/537.36"
::1 - - [19/Mar/2020:19:50:16 +0000] "GET /user/payment HTTP/1.1" 200 - "-" "Mozilla/5.0 (X11; Linux x86_64) AppleWebKit/537.36 (KHTML, like Gecko) Chrome/80.0.3987.132 Safari/537.36"
::1 - - [19/Mar/2020:19:50:16 +0000] "GET /css/mystyle.css HTTP/1.1" 304 - "http://localhost:5000/user/payment" "Mozilla/5.0 (X11; Linux x86_64) AppleWebKit/537.36 (KHTML, like Gecko) Chrome/80.0.3987.132 Safari/537.36"
::1 - - [19/Mar/2020:19:50:17 +0000] "GET /favicon.ico HTTP/1.1" 304 - "http://localhost:5000/user/payment" "Mozilla/5.0 (X11; Linux x86_64) AppleWebKit/537.36 (KHTML, like Gecko) Chrome/80.0.3987.132 Safari/537.36"
::1 - - [19/Mar/2020:19:50:59 +0000] "GET /user/payment HTTP/1.1" 200 - "-" "Mozilla/5.0 (X11; Linux x86_64) AppleWebKit/537.36 (KHTML, like Gecko) Chrome/80.0.3987.132 Safari/537.36"
::1 - - [19/Mar/2020:19:50:59 +0000] "GET /css/mystyle.css HTTP/1.1" 304 - "http://localhost:5000/user/payment" "Mozilla/5.0 (X11; Linux x86_64) AppleWebKit/537.36 (KHTML, like Gecko) Chrome/80.0.3987.132 Safari/537.36"
::1 - - [19/Mar/2020:19:50:59 +0000] "GET /favicon.ico HTTP/1.1" 304 - "http://localhost:5000/user/payment" "Mozilla/5.0 (X11; Linux x86_64) AppleWebKit/537.36 (KHTML, like Gecko) Chrome/80.0.3987.132 Safari/537.36"
::1 - - [19/Mar/2020:19:51:32 +0000] "GET /user/payment HTTP/1.1" 200 - "-" "Mozilla/5.0 (X11; Linux x86_64) AppleWebKit/537.36 (KHTML, like Gecko) Chrome/80.0.3987.132 Safari/537.36"
::1 - - [19/Mar/2020:19:51:32 +0000] "GET /css/mystyle.css HTTP/1.1" 304 - "http://localhost:5000/user/payment" "Mozilla/5.0 (X11; Linux x86_64) AppleWebKit/537.36 (KHTML, like Gecko) Chrome/80.0.3987.132 Safari/537.36"
::1 - - [19/Mar/2020:19:51:32 +0000] "GET /favicon.ico HTTP/1.1" 304 - "http://localhost:5000/user/payment" "Mozilla/5.0 (X11; Linux x86_64) AppleWebKit/537.36 (KHTML, like Gecko) Chrome/80.0.3987.132 Safari/537.36"
::1 - - [19/Mar/2020:19:52:04 +0000] "GET /user/payment HTTP/1.1" 200 - "-" "Mozilla/5.0 (X11; Linux x86_64) AppleWebKit/537.36 (KHTML, like Gecko) Chrome/80.0.3987.132 Safari/537.36"
::1 - - [19/Mar/2020:19:52:04 +0000] "GET /css/mystyle.css HTTP/1.1" 304 - "http://localhost:5000/user/payment" "Mozilla/5.0 (X11; Linux x86_64) AppleWebKit/537.36 (KHTML, like Gecko) Chrome/80.0.3987.132 Safari/537.36"
::1 - - [19/Mar/2020:19:52:05 +0000] "GET /favicon.ico HTTP/1.1" 304 - "http://localhost:5000/user/payment" "Mozilla/5.0 (X11; Linux x86_64) AppleWebKit/537.36 (KHTML, like Gecko) Chrome/80.0.3987.132 Safari/537.36"
::1 - - [19/Mar/2020:19:52:28 +0000] "GET /user/payment HTTP/1.1" 200 - "-" "Mozilla/5.0 (X11; Linux x86_64) AppleWebKit/537.36 (KHTML, like Gecko) Chrome/80.0.3987.132 Safari/537.36"
::1 - - [19/Mar/2020:19:52:28 +0000] "GET /css/mystyle.css HTTP/1.1" 304 - "http://localhost:5000/user/payment" "Mozilla/5.0 (X11; Linux x86_64) AppleWebKit/537.36 (KHTML, like Gecko) Chrome/80.0.3987.132 Safari/537.36"
::1 - - [19/Mar/2020:19:52:28 +0000] "GET /favicon.ico HTTP/1.1" 304 - "http://localhost:5000/user/payment" "Mozilla/5.0 (X11; Linux x86_64) AppleWebKit/537.36 (KHTML, like Gecko) Chrome/80.0.3987.132 Safari/537.36"
::1 - - [19/Mar/2020:19:53:15 +0000] "GET /user/payment HTTP/1.1" 200 - "-" "Mozilla/5.0 (X11; Linux x86_64) AppleWebKit/537.36 (KHTML, like Gecko) Chrome/80.0.3987.132 Safari/537.36"
::1 - - [19/Mar/2020:19:53:15 +0000] "GET /css/mystyle.css HTTP/1.1" 304 - "http://localhost:5000/user/payment" "Mozilla/5.0 (X11; Linux x86_64) AppleWebKit/537.36 (KHTML, like Gecko) Chrome/80.0.3987.132 Safari/537.36"
::1 - - [19/Mar/2020:19:53:16 +0000] "GET /favicon.ico HTTP/1.1" 304 - "http://localhost:5000/user/payment" "Mozilla/5.0 (X11; Linux x86_64) AppleWebKit/537.36 (KHTML, like Gecko) Chrome/80.0.3987.132 Safari/537.36"
::1 - - [19/Mar/2020:19:53:51 +0000] "GET /user/payment HTTP/1.1" 200 - "-" "Mozilla/5.0 (X11; Linux x86_64) AppleWebKit/537.36 (KHTML, like Gecko) Chrome/80.0.3987.132 Safari/537.36"
::1 - - [19/Mar/2020:19:53:51 +0000] "GET /css/mystyle.css HTTP/1.1" 304 - "http://localhost:5000/user/payment" "Mozilla/5.0 (X11; Linux x86_64) AppleWebKit/537.36 (KHTML, like Gecko) Chrome/80.0.3987.132 Safari/537.36"
::1 - - [19/Mar/2020:19:53:51 +0000] "GET /favicon.ico HTTP/1.1" 304 - "http://localhost:5000/user/payment" "Mozilla/5.0 (X11; Linux x86_64) AppleWebKit/537.36 (KHTML, like Gecko) Chrome/80.0.3987.132 Safari/537.36"
::1 - - [19/Mar/2020:19:54:41 +0000] "GET /user/payment HTTP/1.1" 200 - "-" "Mozilla/5.0 (X11; Linux x86_64) AppleWebKit/537.36 (KHTML, like Gecko) Chrome/80.0.3987.132 Safari/537.36"
::1 - - [19/Mar/2020:19:54:41 +0000] "GET /css/mystyle.css HTTP/1.1" 304 - "http://localhost:5000/user/payment" "Mozilla/5.0 (X11; Linux x86_64) AppleWebKit/537.36 (KHTML, like Gecko) Chrome/80.0.3987.132 Safari/537.36"
::1 - - [19/Mar/2020:19:54:41 +0000] "GET /favicon.ico HTTP/1.1" 304 - "http://localhost:5000/user/payment" "Mozilla/5.0 (X11; Linux x86_64) AppleWebKit/537.36 (KHTML, like Gecko) Chrome/80.0.3987.132 Safari/537.36"
::1 - - [19/Mar/2020:19:54:51 +0000] "GET /user/cart HTTP/1.1" 304 - "http://localhost:5000/user/payment" "Mozilla/5.0 (X11; Linux x86_64) AppleWebKit/537.36 (KHTML, like Gecko) Chrome/80.0.3987.132 Safari/537.36"
::1 - - [19/Mar/2020:19:54:51 +0000] "GET /css/mystyle.css HTTP/1.1" 304 - "http://localhost:5000/user/cart" "Mozilla/5.0 (X11; Linux x86_64) AppleWebKit/537.36 (KHTML, like Gecko) Chrome/80.0.3987.132 Safari/537.36"
::1 - - [19/Mar/2020:19:54:51 +0000] "GET /images/slide3.jpg HTTP/1.1" 304 - "http://localhost:5000/user/cart" "Mozilla/5.0 (X11; Linux x86_64) AppleWebKit/537.36 (KHTML, like Gecko) Chrome/80.0.3987.132 Safari/537.36"
::1 - - [19/Mar/2020:19:54:52 +0000] "GET /favicon.ico HTTP/1.1" 304 - "http://localhost:5000/user/cart" "Mozilla/5.0 (X11; Linux x86_64) AppleWebKit/537.36 (KHTML, like Gecko) Chrome/80.0.3987.132 Safari/537.36"
::1 - - [19/Mar/2020:19:54:55 +0000] "GET /user/payment HTTP/1.1" 304 - "http://localhost:5000/user/cart" "Mozilla/5.0 (X11; Linux x86_64) AppleWebKit/537.36 (KHTML, like Gecko) Chrome/80.0.3987.132 Safari/537.36"
::1 - - [19/Mar/2020:19:54:55 +0000] "GET /css/mystyle.css HTTP/1.1" 304 - "http://localhost:5000/user/payment" "Mozilla/5.0 (X11; Linux x86_64) AppleWebKit/537.36 (KHTML, like Gecko) Chrome/80.0.3987.132 Safari/537.36"
::1 - - [19/Mar/2020:19:54:55 +0000] "GET /favicon.ico HTTP/1.1" 304 - "http://localhost:5000/user/payment" "Mozilla/5.0 (X11; Linux x86_64) AppleWebKit/537.36 (KHTML, like Gecko) Chrome/80.0.3987.132 Safari/537.36"
::1 - - [19/Mar/2020:19:54:57 +0000] "GET / HTTP/1.1" 304 - "http://localhost:5000/user/payment" "Mozilla/5.0 (X11; Linux x86_64) AppleWebKit/537.36 (KHTML, like Gecko) Chrome/80.0.3987.132 Safari/537.36"
::1 - - [19/Mar/2020:19:54:57 +0000] "GET /css/mystyle.css HTTP/1.1" 304 - "http://localhost:5000/" "Mozilla/5.0 (X11; Linux x86_64) AppleWebKit/537.36 (KHTML, like Gecko) Chrome/80.0.3987.132 Safari/537.36"
::1 - - [19/Mar/2020:19:54:57 +0000] "GET /images/slide3.jpg HTTP/1.1" 304 - "http://localhost:5000/" "Mozilla/5.0 (X11; Linux x86_64) AppleWebKit/537.36 (KHTML, like Gecko) Chrome/80.0.3987.132 Safari/537.36"
::1 - - [19/Mar/2020:19:54:58 +0000] "GET /favicon.ico HTTP/1.1" 304 - "http://localhost:5000/" "Mozilla/5.0 (X11; Linux x86_64) AppleWebKit/537.36 (KHTML, like Gecko) Chrome/80.0.3987.132 Safari/537.36"
::1 - - [19/Mar/2020:19:55:02 +0000] "GET /user/cart HTTP/1.1" 304 - "http://localhost:5000/" "Mozilla/5.0 (X11; Linux x86_64) AppleWebKit/537.36 (KHTML, like Gecko) Chrome/80.0.3987.132 Safari/537.36"
::1 - - [19/Mar/2020:19:55:02 +0000] "GET /css/mystyle.css HTTP/1.1" 304 - "http://localhost:5000/user/cart" "Mozilla/5.0 (X11; Linux x86_64) AppleWebKit/537.36 (KHTML, like Gecko) Chrome/80.0.3987.132 Safari/537.36"
::1 - - [19/Mar/2020:19:55:02 +0000] "GET /images/slide3.jpg HTTP/1.1" 304 - "http://localhost:5000/user/cart" "Mozilla/5.0 (X11; Linux x86_64) AppleWebKit/537.36 (KHTML, like Gecko) Chrome/80.0.3987.132 Safari/537.36"
::1 - - [19/Mar/2020:19:55:02 +0000] "GET /favicon.ico HTTP/1.1" 304 - "http://localhost:5000/user/cart" "Mozilla/5.0 (X11; Linux x86_64) AppleWebKit/537.36 (KHTML, like Gecko) Chrome/80.0.3987.132 Safari/537.36"
::1 - - [19/Mar/2020:19:55:04 +0000] "GET /user/payment HTTP/1.1" 304 - "http://localhost:5000/user/cart" "Mozilla/5.0 (X11; Linux x86_64) AppleWebKit/537.36 (KHTML, like Gecko) Chrome/80.0.3987.132 Safari/537.36"
::1 - - [19/Mar/2020:19:55:04 +0000] "GET /css/mystyle.css HTTP/1.1" 304 - "http://localhost:5000/user/payment" "Mozilla/5.0 (X11; Linux x86_64) AppleWebKit/537.36 (KHTML, like Gecko) Chrome/80.0.3987.132 Safari/537.36"
::1 - - [19/Mar/2020:19:55:04 +0000] "GET /favicon.ico HTTP/1.1" 304 - "http://localhost:5000/user/payment" "Mozilla/5.0 (X11; Linux x86_64) AppleWebKit/537.36 (KHTML, like Gecko) Chrome/80.0.3987.132 Safari/537.36"
::1 - - [19/Mar/2020:19:56:24 +0000] "GET /user/payment HTTP/1.1" 200 - "-" "Mozilla/5.0 (X11; Linux x86_64) AppleWebKit/537.36 (KHTML, like Gecko) Chrome/80.0.3987.132 Safari/537.36"
::1 - - [19/Mar/2020:19:56:24 +0000] "GET /css/mystyle.css HTTP/1.1" 304 - "http://localhost:5000/user/payment" "Mozilla/5.0 (X11; Linux x86_64) AppleWebKit/537.36 (KHTML, like Gecko) Chrome/80.0.3987.132 Safari/537.36"
::1 - - [19/Mar/2020:19:56:24 +0000] "GET /favicon.ico HTTP/1.1" 304 - "http://localhost:5000/user/payment" "Mozilla/5.0 (X11; Linux x86_64) AppleWebKit/537.36 (KHTML, like Gecko) Chrome/80.0.3987.132 Safari/537.36"
::1 - - [19/Mar/2020:19:56:59 +0000] "GET /css/mystyle.css HTTP/1.1" 304 - "http://localhost:5000/user/payment" "Mozilla/5.0 (X11; Linux x86_64) AppleWebKit/537.36 (KHTML, like Gecko) Chrome/80.0.3987.132 Safari/537.36"
::1 - - [19/Mar/2020:19:58:10 +0000] "GET /user/payment HTTP/1.1" 200 - "-" "Mozilla/5.0 (X11; Linux x86_64) AppleWebKit/537.36 (KHTML, like Gecko) Chrome/80.0.3987.132 Safari/537.36"
::1 - - [19/Mar/2020:19:58:10 +0000] "GET /css/mystyle.css HTTP/1.1" 304 - "http://localhost:5000/user/payment" "Mozilla/5.0 (X11; Linux x86_64) AppleWebKit/537.36 (KHTML, like Gecko) Chrome/80.0.3987.132 Safari/537.36"
::1 - - [19/Mar/2020:19:58:11 +0000] "GET /favicon.ico HTTP/1.1" 304 - "http://localhost:5000/user/payment" "Mozilla/5.0 (X11; Linux x86_64) AppleWebKit/537.36 (KHTML, like Gecko) Chrome/80.0.3987.132 Safari/537.36"
::1 - - [19/Mar/2020:19:58:44 +0000] "GET /user/payment HTTP/1.1" 200 - "-" "Mozilla/5.0 (X11; Linux x86_64) AppleWebKit/537.36 (KHTML, like Gecko) Chrome/80.0.3987.132 Safari/537.36"
::1 - - [19/Mar/2020:19:58:44 +0000] "GET /css/mystyle.css HTTP/1.1" 304 - "http://localhost:5000/user/payment" "Mozilla/5.0 (X11; Linux x86_64) AppleWebKit/537.36 (KHTML, like Gecko) Chrome/80.0.3987.132 Safari/537.36"
::1 - - [19/Mar/2020:19:58:45 +0000] "GET /favicon.ico HTTP/1.1" 304 - "http://localhost:5000/user/payment" "Mozilla/5.0 (X11; Linux x86_64) AppleWebKit/537.36 (KHTML, like Gecko) Chrome/80.0.3987.132 Safari/537.36"
::1 - - [19/Mar/2020:19:59:58 +0000] "GET /user/payment HTTP/1.1" 200 - "-" "Mozilla/5.0 (X11; Linux x86_64) AppleWebKit/537.36 (KHTML, like Gecko) Chrome/80.0.3987.132 Safari/537.36"
::1 - - [19/Mar/2020:19:59:58 +0000] "GET /css/mystyle.css HTTP/1.1" 304 - "http://localhost:5000/user/payment" "Mozilla/5.0 (X11; Linux x86_64) AppleWebKit/537.36 (KHTML, like Gecko) Chrome/80.0.3987.132 Safari/537.36"
::1 - - [19/Mar/2020:19:59:59 +0000] "GET /favicon.ico HTTP/1.1" 304 - "http://localhost:5000/user/payment" "Mozilla/5.0 (X11; Linux x86_64) AppleWebKit/537.36 (KHTML, like Gecko) Chrome/80.0.3987.132 Safari/537.36"
::1 - - [19/Mar/2020:20:01:08 +0000] "GET /user/payment HTTP/1.1" 304 - "-" "Mozilla/5.0 (X11; Linux x86_64) AppleWebKit/537.36 (KHTML, like Gecko) Chrome/80.0.3987.132 Safari/537.36"
::1 - - [19/Mar/2020:20:01:08 +0000] "GET /css/mystyle.css HTTP/1.1" 304 - "http://localhost:5000/user/payment" "Mozilla/5.0 (X11; Linux x86_64) AppleWebKit/537.36 (KHTML, like Gecko) Chrome/80.0.3987.132 Safari/537.36"
::1 - - [19/Mar/2020:20:01:08 +0000] "GET /favicon.ico HTTP/1.1" 304 - "http://localhost:5000/user/payment" "Mozilla/5.0 (X11; Linux x86_64) AppleWebKit/537.36 (KHTML, like Gecko) Chrome/80.0.3987.132 Safari/537.36"
